<?xml version="1.0" encoding="UTF-8"?>
<coverage generated="1745464496793" clover="3.2.0">
  <project timestamp="1745464496793" name="All files">
    <metrics statements="5" coveredstatements="5" conditionals="1" coveredconditionals="1" methods="1" coveredmethods="1" elements="7" coveredelements="7" complexity="0" loc="5" ncloc="5" packages="1" files="1" classes="1"/>
    <file name="greet.tsx" path="/home/prakash/Documents/work/react-testing-library/src/components/Greet/greet.tsx">
      <metrics statements="5" coveredstatements="5" conditionals="1" coveredconditionals="1" methods="1" coveredmethods="1"/>
      <line num="4" count="1" type="cond" truecount="1" falsecount="0"/>
      <line num="5" count="6" type="stmt"/>
      <line num="6" count="6" type="stmt"/>
      <line num="8" count="6" type="stmt"/>
      <line num="10" count="1" type="stmt"/>
    </file>
  </project>
</coverage>
