{"/home/prakash/Documents/work/react-testing-library/src/components/Greet/greet.tsx": {"path":"/home/prakash/Documents/work/react-testing-library/src/components/Greet/greet.tsx","all":false,"statementMap":{"3":{"start":{"line":4,"column":0},"end":{"line":4,"column":40}},"4":{"start":{"line":5,"column":0},"end":{"line":5,"column":10}},"5":{"start":{"line":6,"column":0},"end":{"line":6,"column":27}},"7":{"start":{"line":8,"column":0},"end":{"line":8,"column":1}},"9":{"start":{"line":10,"column":0},"end":{"line":10,"column":20}}},"s":{"3":1,"4":6,"5":6,"7":6,"9":1},"branchMap":{"0":{"type":"branch","line":4,"loc":{"start":{"line":4,"column":14},"end":{"line":8,"column":1}},"locations":[{"start":{"line":4,"column":14},"end":{"line":8,"column":1}}]}},"b":{"0":[6]},"fnMap":{"0":{"name":"Greet","decl":{"start":{"line":4,"column":14},"end":{"line":8,"column":1}},"loc":{"start":{"line":4,"column":14},"end":{"line":8,"column":1}},"line":4}},"f":{"0":6}}
}
